[35mlandingpage:build[0m: cache hit, replaying output [2mc10cac34d9b83baf[0m
[35mlandingpage:build: [0m
[35mlandingpage:build: [0m> landingpage@0.1.0 build /Users/Panzermensch/Desktop/Projects/cascadia-turbo/apps/landingpage
[35mlandingpage:build: [0m> next build
[35mlandingpage:build: [0m
[35mlandingpage:build: [0minfo  - SWC minify release candidate enabled. https://nextjs.link/swcmin
[35mlandingpage:build: [0minfo  - Linting and checking validity of types...
[35mlandingpage:build: [0minfo  - Creating an optimized production build...
[35mlandingpage:build: [0minfo  - Compiled successfully
[35mlandingpage:build: [0minfo  - Collecting page data...
[35mlandingpage:build: [0minfo  - Generating static pages (0/4)
[35mlandingpage:build: [0minfo  - Generating static pages (1/4)
[35mlandingpage:build: [0minfo  - Generating static pages (2/4)
[35mlandingpage:build: [0minfo  - Generating static pages (3/4)
[35mlandingpage:build: [0minfo  - Generating static pages (4/4)
[35mlandingpage:build: [0minfo  - Finalizing page optimization...
[35mlandingpage:build: [0m
[35mlandingpage:build: [0mRoute (pages)                              Size     First Load JS
[35mlandingpage:build: [0m┌ ○ /                                      5.42 kB        83.3 kB
[35mlandingpage:build: [0m├   └ css/ae0e3e027412e072.css             707 B
[35mlandingpage:build: [0m├   /_app                                  0 B            77.9 kB
[35mlandingpage:build: [0m├ ○ /404                                   188 B          78.1 kB
[35mlandingpage:build: [0m├ λ /api/hello                             0 B            77.9 kB
[35mlandingpage:build: [0m└ ○ /hello                                 265 B          78.1 kB
[35mlandingpage:build: [0m+ First Load JS shared by all              78.1 kB
[35mlandingpage:build: [0m  ├ chunks/framework-325eacbb81921a43.js   45.7 kB
[35mlandingpage:build: [0m  ├ chunks/main-c87967b003e3efc2.js        30.9 kB
[35mlandingpage:build: [0m  ├ chunks/pages/_app-da774accd2d25ff0.js  500 B
[35mlandingpage:build: [0m  ├ chunks/webpack-7ee66019f7f6d30f.js     755 B
[35mlandingpage:build: [0m  └ css/ab44ce7add5c3d11.css               247 B
[35mlandingpage:build: [0m
[35mlandingpage:build: [0mλ  (Server)  server-side renders at runtime (uses getInitialProps or getServerSideProps)
[35mlandingpage:build: [0m○  (Static)  automatically rendered as static HTML (uses no initial props)
[35mlandingpage:build: [0m
